[0.026s] Invoking command in '/home/davinci/ydlidar/build/ydlidar_ros2_driver': CMAKE_PREFIX_PATH=${CMAKE_PREFIX_PATH}:/home/davinci/ros3_ws/install/my_py_pkg:/opt/ros/jazzy DEBUGINFOD_URLS=https://debuginfod.ubuntu.com /usr/bin/cmake /home/davinci/ydlidar/src/ydlidar_ros2_driver -DCMAKE_INSTALL_PREFIX=/home/davinci/ydlidar/install/ydlidar_ros2_driver
[0.087s] -- Found ament_cmake: 2.5.4 (/opt/ros/jazzy/share/ament_cmake/cmake)
[0.534s] -- Override CMake install command with custom implementation using symlinks instead of copying resources
[0.563s] -- Found rclcpp: 28.1.9 (/opt/ros/jazzy/share/rclcpp/cmake)
[0.664s] -- Found rosidl_generator_c: 4.6.5 (/opt/ros/jazzy/share/rosidl_generator_c/cmake)
[0.695s] -- Found rosidl_generator_cpp: 4.6.5 (/opt/ros/jazzy/share/rosidl_generator_cpp/cmake)
[0.740s] -- Using all available rosidl_typesupport_c: rosidl_typesupport_fastrtps_c;rosidl_typesupport_introspection_c
[0.774s] -- Using all available rosidl_typesupport_cpp: rosidl_typesupport_fastrtps_cpp;rosidl_typesupport_introspection_cpp
[0.937s] -- Found rmw_implementation_cmake: 7.3.2 (/opt/ros/jazzy/share/rmw_implementation_cmake/cmake)
[0.942s] -- Found rmw_fastrtps_cpp: 8.4.2 (/opt/ros/jazzy/share/rmw_fastrtps_cpp/cmake)
[1.100s] -- Using RMW implementation 'rmw_fastrtps_cpp' as default
[1.258s] -- Found sensor_msgs: 5.3.6 (/opt/ros/jazzy/share/sensor_msgs/cmake)
[1.390s] -- Found visualization_msgs: 5.3.6 (/opt/ros/jazzy/share/visualization_msgs/cmake)
[1.457s] -- Found std_srvs: 5.3.6 (/opt/ros/jazzy/share/std_srvs/cmake)
[1.508s] -- Found ament_lint_auto: 0.17.2 (/opt/ros/jazzy/share/ament_lint_auto/cmake)
[1.715s] -- Added test 'copyright' to check source files copyright and LICENSE
[1.723s] -- Added test 'cppcheck' to perform static code analysis on C / C++ code
[1.724s] -- Configured cppcheck include dirs: /home/davinci/ydlidar/src/ydlidar_ros2_driver/src
[1.724s] -- Configured cppcheck exclude dirs and/or files: 
[1.730s] -- Added test 'cpplint' to check C / C++ code against the Google style
[1.731s] -- Configured cpplint exclude dirs and/or files: 
[1.732s] -- Added test 'flake8' to check Python code syntax and style conventions
[1.733s] -- Configured 'flake8' exclude dirs and/or files: 
[1.735s] -- Added test 'lint_cmake' to check CMake code style
[1.736s] -- Added test 'pep257' to check Python code against some of the docstring style conventions in PEP 257
[1.742s] -- Added test 'uncrustify' to check C / C++ code style
[1.742s] -- Configured uncrustify additional arguments: 
[1.744s] -- Added test 'xmllint' to check XML markup files
[1.747s] -- Configuring done (1.7s)
[1.786s] -- Generating done (0.0s)
[1.796s] -- Build files have been written to: /home/davinci/ydlidar/build/ydlidar_ros2_driver
[1.815s] Invoked command in '/home/davinci/ydlidar/build/ydlidar_ros2_driver' returned '0': CMAKE_PREFIX_PATH=${CMAKE_PREFIX_PATH}:/home/davinci/ros3_ws/install/my_py_pkg:/opt/ros/jazzy DEBUGINFOD_URLS=https://debuginfod.ubuntu.com /usr/bin/cmake /home/davinci/ydlidar/src/ydlidar_ros2_driver -DCMAKE_INSTALL_PREFIX=/home/davinci/ydlidar/install/ydlidar_ros2_driver
[1.819s] Invoking command in '/home/davinci/ydlidar/build/ydlidar_ros2_driver': CMAKE_PREFIX_PATH=${CMAKE_PREFIX_PATH}:/home/davinci/ros3_ws/install/my_py_pkg:/opt/ros/jazzy DEBUGINFOD_URLS=https://debuginfod.ubuntu.com /usr/bin/cmake --build /home/davinci/ydlidar/build/ydlidar_ros2_driver -- -j8 -l8
[1.947s] [ 50%] Built target ydlidar_ros2_driver_client
[1.948s] [100%] Built target ydlidar_ros2_driver_node
[1.970s] Invoked command in '/home/davinci/ydlidar/build/ydlidar_ros2_driver' returned '0': CMAKE_PREFIX_PATH=${CMAKE_PREFIX_PATH}:/home/davinci/ros3_ws/install/my_py_pkg:/opt/ros/jazzy DEBUGINFOD_URLS=https://debuginfod.ubuntu.com /usr/bin/cmake --build /home/davinci/ydlidar/build/ydlidar_ros2_driver -- -j8 -l8
[1.990s] Invoking command in '/home/davinci/ydlidar/build/ydlidar_ros2_driver': CMAKE_PREFIX_PATH=${CMAKE_PREFIX_PATH}:/home/davinci/ros3_ws/install/my_py_pkg:/opt/ros/jazzy DEBUGINFOD_URLS=https://debuginfod.ubuntu.com /usr/bin/cmake --install /home/davinci/ydlidar/build/ydlidar_ros2_driver
[2.004s] -- Install configuration: ""
[2.005s] -- Execute custom install script
[2.006s] -- Up-to-date symlink: /home/davinci/ydlidar/install/ydlidar_ros2_driver/lib/ydlidar_ros2_driver/ydlidar_ros2_driver_node
[2.007s] -- Up-to-date symlink: /home/davinci/ydlidar/install/ydlidar_ros2_driver/lib/ydlidar_ros2_driver/ydlidar_ros2_driver_client
[2.008s] -- Up-to-date symlink: /home/davinci/ydlidar/install/ydlidar_ros2_driver/share/ydlidar_ros2_driver/launch/ydlidar.py
[2.008s] -- Up-to-date symlink: /home/davinci/ydlidar/install/ydlidar_ros2_driver/share/ydlidar_ros2_driver/launch/ydlidar_launch.py
[2.008s] -- Up-to-date symlink: /home/davinci/ydlidar/install/ydlidar_ros2_driver/share/ydlidar_ros2_driver/launch/ydlidar_launch_view.py
[2.009s] -- Up-to-date symlink: /home/davinci/ydlidar/install/ydlidar_ros2_driver/share/ydlidar_ros2_driver/params/G1.yaml
[2.010s] -- Up-to-date symlink: /home/davinci/ydlidar/install/ydlidar_ros2_driver/share/ydlidar_ros2_driver/params/G2.yaml
[2.010s] -- Up-to-date symlink: /home/davinci/ydlidar/install/ydlidar_ros2_driver/share/ydlidar_ros2_driver/params/G6.yaml
[2.011s] -- Up-to-date symlink: /home/davinci/ydlidar/install/ydlidar_ros2_driver/share/ydlidar_ros2_driver/params/GS2.yaml
[2.011s] -- Up-to-date symlink: /home/davinci/ydlidar/install/ydlidar_ros2_driver/share/ydlidar_ros2_driver/params/GS5.yaml
[2.012s] -- Up-to-date symlink: /home/davinci/ydlidar/install/ydlidar_ros2_driver/share/ydlidar_ros2_driver/params/TEA.yaml
[2.012s] -- Up-to-date symlink: /home/davinci/ydlidar/install/ydlidar_ros2_driver/share/ydlidar_ros2_driver/params/TG.yaml
[2.013s] -- Up-to-date symlink: /home/davinci/ydlidar/install/ydlidar_ros2_driver/share/ydlidar_ros2_driver/params/TminiPro.yaml
[2.014s] -- Up-to-date symlink: /home/davinci/ydlidar/install/ydlidar_ros2_driver/share/ydlidar_ros2_driver/params/X2.yaml
[2.014s] -- Up-to-date symlink: /home/davinci/ydlidar/install/ydlidar_ros2_driver/share/ydlidar_ros2_driver/params/X3.yaml
[2.014s] -- Up-to-date symlink: /home/davinci/ydlidar/install/ydlidar_ros2_driver/share/ydlidar_ros2_driver/params/X4-Pro.yaml
[2.015s] -- Up-to-date symlink: /home/davinci/ydlidar/install/ydlidar_ros2_driver/share/ydlidar_ros2_driver/params/X4.yaml
[2.015s] -- Up-to-date symlink: /home/davinci/ydlidar/install/ydlidar_ros2_driver/share/ydlidar_ros2_driver/params/sdm15.yaml
[2.015s] -- Up-to-date symlink: /home/davinci/ydlidar/install/ydlidar_ros2_driver/share/ydlidar_ros2_driver/params/ydlidar.yaml
[2.016s] -- Up-to-date symlink: /home/davinci/ydlidar/install/ydlidar_ros2_driver/share/ydlidar_ros2_driver/startup/initenv.sh
[2.016s] -- Up-to-date symlink: /home/davinci/ydlidar/install/ydlidar_ros2_driver/share/ydlidar_ros2_driver/config/ydlidar.rviz
[2.017s] -- Up-to-date symlink: /home/davinci/ydlidar/install/ydlidar_ros2_driver/share/ament_index/resource_index/package_run_dependencies/ydlidar_ros2_driver
[2.018s] -- Up-to-date symlink: /home/davinci/ydlidar/install/ydlidar_ros2_driver/share/ament_index/resource_index/parent_prefix_path/ydlidar_ros2_driver
[2.018s] -- Up-to-date symlink: /home/davinci/ydlidar/install/ydlidar_ros2_driver/share/ydlidar_ros2_driver/environment/ament_prefix_path.sh
[2.019s] -- Up-to-date symlink: /home/davinci/ydlidar/install/ydlidar_ros2_driver/share/ydlidar_ros2_driver/environment/ament_prefix_path.dsv
[2.019s] -- Up-to-date symlink: /home/davinci/ydlidar/install/ydlidar_ros2_driver/share/ydlidar_ros2_driver/environment/path.sh
[2.019s] -- Up-to-date symlink: /home/davinci/ydlidar/install/ydlidar_ros2_driver/share/ydlidar_ros2_driver/environment/path.dsv
[2.020s] -- Up-to-date symlink: /home/davinci/ydlidar/install/ydlidar_ros2_driver/share/ydlidar_ros2_driver/local_setup.bash
[2.020s] -- Up-to-date symlink: /home/davinci/ydlidar/install/ydlidar_ros2_driver/share/ydlidar_ros2_driver/local_setup.sh
[2.020s] -- Up-to-date symlink: /home/davinci/ydlidar/install/ydlidar_ros2_driver/share/ydlidar_ros2_driver/local_setup.zsh
[2.021s] -- Up-to-date symlink: /home/davinci/ydlidar/install/ydlidar_ros2_driver/share/ydlidar_ros2_driver/local_setup.dsv
[2.021s] -- Symlinking: /home/davinci/ydlidar/install/ydlidar_ros2_driver/share/ydlidar_ros2_driver/package.dsv
[2.039s] -- Up-to-date symlink: /home/davinci/ydlidar/install/ydlidar_ros2_driver/share/ament_index/resource_index/packages/ydlidar_ros2_driver
[2.039s] -- Up-to-date symlink: /home/davinci/ydlidar/install/ydlidar_ros2_driver/share/ydlidar_ros2_driver/cmake/ydlidar_ros2_driverConfig.cmake
[2.039s] -- Up-to-date symlink: /home/davinci/ydlidar/install/ydlidar_ros2_driver/share/ydlidar_ros2_driver/cmake/ydlidar_ros2_driverConfig-version.cmake
[2.039s] -- Up-to-date symlink: /home/davinci/ydlidar/install/ydlidar_ros2_driver/share/ydlidar_ros2_driver/package.xml
[2.043s] Invoked command in '/home/davinci/ydlidar/build/ydlidar_ros2_driver' returned '0': CMAKE_PREFIX_PATH=${CMAKE_PREFIX_PATH}:/home/davinci/ros3_ws/install/my_py_pkg:/opt/ros/jazzy DEBUGINFOD_URLS=https://debuginfod.ubuntu.com /usr/bin/cmake --install /home/davinci/ydlidar/build/ydlidar_ros2_driver
