[0.105s] DEBUG:colcon:Command line arguments: ['/usr/bin/colcon', 'build', '--symlink-install']
[0.105s] DEBUG:colcon:Parsed command line arguments: Namespace(log_base=None, log_level=None, verb_name='build', build_base='build', install_base='install', merge_install=False, symlink_install=True, test_result_base=None, continue_on_error=False, executor='parallel', parallel_workers=8, event_handlers=None, ignore_user_meta=False, metas=['./colcon.meta'], base_paths=['.'], packages_ignore=None, packages_ignore_regex=None, paths=None, packages_up_to=None, packages_up_to_regex=None, packages_above=None, packages_above_and_dependencies=None, packages_above_depth=None, packages_select_by_dep=None, packages_skip_by_dep=None, packages_skip_up_to=None, packages_select_build_failed=False, packages_skip_build_finished=False, packages_select_test_failures=False, packages_skip_test_passed=False, packages_select=None, packages_skip=None, packages_select_regex=None, packages_skip_regex=None, packages_start=None, packages_end=None, allow_overriding=[], cmake_args=None, cmake_target=None, cmake_target_skip_unavailable=False, cmake_clean_cache=False, cmake_clean_first=False, cmake_force_configure=False, ament_cmake_args=None, catkin_cmake_args=None, catkin_skip_building_tests=False, mixin_files=None, mixin=None, verb_parser=<colcon_mixin.mixin.mixin_argument.MixinArgumentDecorator object at 0x768ad94ad910>, verb_extension=<colcon_core.verb.build.BuildVerb object at 0x768ad94ad130>, main=<bound method BuildVerb.main of <colcon_core.verb.build.BuildVerb object at 0x768ad94ad130>>, mixin_verb=('build',))
[0.141s] Level 1:colcon.colcon_core.package_discovery:discover_packages(colcon_meta) check parameters
[0.141s] Level 1:colcon.colcon_core.package_discovery:discover_packages(recursive) check parameters
[0.141s] Level 1:colcon.colcon_core.package_discovery:discover_packages(ignore) check parameters
[0.141s] Level 1:colcon.colcon_core.package_discovery:discover_packages(path) check parameters
[0.141s] Level 1:colcon.colcon_core.package_discovery:discover_packages(colcon_meta) discover
[0.141s] Level 1:colcon.colcon_core.package_discovery:discover_packages(recursive) discover
[0.142s] INFO:colcon.colcon_core.package_discovery:Crawling recursively for packages in '/home/davinci/ydlidar'
[0.142s] Level 1:colcon.colcon_core.package_identification:_identify(.) by extensions ['ignore', 'ignore_ament_install']
[0.142s] Level 1:colcon.colcon_core.package_identification:_identify(.) by extension 'ignore'
[0.142s] Level 1:colcon.colcon_core.package_identification:_identify(.) by extension 'ignore_ament_install'
[0.142s] Level 1:colcon.colcon_core.package_identification:_identify(.) by extensions ['colcon_pkg']
[0.142s] Level 1:colcon.colcon_core.package_identification:_identify(.) by extension 'colcon_pkg'
[0.142s] Level 1:colcon.colcon_core.package_identification:_identify(.) by extensions ['colcon_meta']
[0.142s] Level 1:colcon.colcon_core.package_identification:_identify(.) by extension 'colcon_meta'
[0.142s] Level 1:colcon.colcon_core.package_identification:_identify(.) by extensions ['ros']
[0.142s] Level 1:colcon.colcon_core.package_identification:_identify(.) by extension 'ros'
[0.167s] Level 1:colcon.colcon_core.package_identification:_identify(.) by extensions ['cmake', 'python']
[0.168s] Level 1:colcon.colcon_core.package_identification:_identify(.) by extension 'cmake'
[0.168s] Level 1:colcon.colcon_core.package_identification:_identify(.) by extension 'python'
[0.168s] Level 1:colcon.colcon_core.package_identification:_identify(.) by extensions ['python_setup_py']
[0.168s] Level 1:colcon.colcon_core.package_identification:_identify(.) by extension 'python_setup_py'
[0.168s] Level 1:colcon.colcon_core.package_identification:_identify(build) by extensions ['ignore', 'ignore_ament_install']
[0.168s] Level 1:colcon.colcon_core.package_identification:_identify(build) by extension 'ignore'
[0.168s] Level 1:colcon.colcon_core.package_identification:_identify(build) ignored
[0.168s] Level 1:colcon.colcon_core.package_identification:_identify(install) by extensions ['ignore', 'ignore_ament_install']
[0.168s] Level 1:colcon.colcon_core.package_identification:_identify(install) by extension 'ignore'
[0.168s] Level 1:colcon.colcon_core.package_identification:_identify(install) ignored
[0.168s] Level 1:colcon.colcon_core.package_identification:_identify(log) by extensions ['ignore', 'ignore_ament_install']
[0.168s] Level 1:colcon.colcon_core.package_identification:_identify(log) by extension 'ignore'
[0.168s] Level 1:colcon.colcon_core.package_identification:_identify(log) ignored
[0.168s] Level 1:colcon.colcon_core.package_identification:_identify(src) by extensions ['ignore', 'ignore_ament_install']
[0.168s] Level 1:colcon.colcon_core.package_identification:_identify(src) by extension 'ignore'
[0.169s] Level 1:colcon.colcon_core.package_identification:_identify(src) by extension 'ignore_ament_install'
[0.169s] Level 1:colcon.colcon_core.package_identification:_identify(src) by extensions ['colcon_pkg']
[0.169s] Level 1:colcon.colcon_core.package_identification:_identify(src) by extension 'colcon_pkg'
[0.169s] Level 1:colcon.colcon_core.package_identification:_identify(src) by extensions ['colcon_meta']
[0.169s] Level 1:colcon.colcon_core.package_identification:_identify(src) by extension 'colcon_meta'
[0.169s] Level 1:colcon.colcon_core.package_identification:_identify(src) by extensions ['ros']
[0.169s] Level 1:colcon.colcon_core.package_identification:_identify(src) by extension 'ros'
[0.169s] Level 1:colcon.colcon_core.package_identification:_identify(src) by extensions ['cmake', 'python']
[0.169s] Level 1:colcon.colcon_core.package_identification:_identify(src) by extension 'cmake'
[0.169s] Level 1:colcon.colcon_core.package_identification:_identify(src) by extension 'python'
[0.169s] Level 1:colcon.colcon_core.package_identification:_identify(src) by extensions ['python_setup_py']
[0.169s] Level 1:colcon.colcon_core.package_identification:_identify(src) by extension 'python_setup_py'
[0.169s] Level 1:colcon.colcon_core.package_identification:_identify(src/ydlidar_ros2_driver) by extensions ['ignore', 'ignore_ament_install']
[0.169s] Level 1:colcon.colcon_core.package_identification:_identify(src/ydlidar_ros2_driver) by extension 'ignore'
[0.169s] Level 1:colcon.colcon_core.package_identification:_identify(src/ydlidar_ros2_driver) by extension 'ignore_ament_install'
[0.169s] Level 1:colcon.colcon_core.package_identification:_identify(src/ydlidar_ros2_driver) by extensions ['colcon_pkg']
[0.169s] Level 1:colcon.colcon_core.package_identification:_identify(src/ydlidar_ros2_driver) by extension 'colcon_pkg'
[0.169s] Level 1:colcon.colcon_core.package_identification:_identify(src/ydlidar_ros2_driver) by extensions ['colcon_meta']
[0.169s] Level 1:colcon.colcon_core.package_identification:_identify(src/ydlidar_ros2_driver) by extension 'colcon_meta'
[0.169s] Level 1:colcon.colcon_core.package_identification:_identify(src/ydlidar_ros2_driver) by extensions ['ros']
[0.169s] Level 1:colcon.colcon_core.package_identification:_identify(src/ydlidar_ros2_driver) by extension 'ros'
[0.172s] DEBUG:colcon.colcon_core.package_identification:Package 'src/ydlidar_ros2_driver' with type 'ros.ament_cmake' and name 'ydlidar_ros2_driver'
[0.172s] Level 1:colcon.colcon_core.package_discovery:discover_packages(recursive) using defaults
[0.172s] Level 1:colcon.colcon_core.package_discovery:discover_packages(ignore) discover
[0.172s] Level 1:colcon.colcon_core.package_discovery:discover_packages(ignore) using defaults
[0.172s] Level 1:colcon.colcon_core.package_discovery:discover_packages(path) discover
[0.172s] Level 1:colcon.colcon_core.package_discovery:discover_packages(path) using defaults
[0.189s] Level 1:colcon.colcon_core.package_discovery:discover_packages(prefix_path) check parameters
[0.189s] Level 1:colcon.colcon_core.package_discovery:discover_packages(prefix_path) discover
[0.191s] DEBUG:colcon.colcon_installed_package_information.package_discovery:Found 1 installed packages in /home/davinci/ydlidar/install
[0.191s] DEBUG:colcon.colcon_installed_package_information.package_discovery:Found 3 installed packages in /home/davinci/ros3_ws/install
[0.192s] DEBUG:colcon.colcon_installed_package_information.package_discovery:Found 13 installed packages in /home/davinci/turtlebot_ws/install
[0.194s] DEBUG:colcon.colcon_installed_package_information.package_discovery:Found 426 installed packages in /opt/ros/jazzy
[0.195s] Level 1:colcon.colcon_core.package_discovery:discover_packages(prefix_path) using defaults
[0.248s] Level 5:colcon.colcon_core.verb:set package 'ydlidar_ros2_driver' build argument 'cmake_args' from command line to 'None'
[0.248s] Level 5:colcon.colcon_core.verb:set package 'ydlidar_ros2_driver' build argument 'cmake_target' from command line to 'None'
[0.248s] Level 5:colcon.colcon_core.verb:set package 'ydlidar_ros2_driver' build argument 'cmake_target_skip_unavailable' from command line to 'False'
[0.248s] Level 5:colcon.colcon_core.verb:set package 'ydlidar_ros2_driver' build argument 'cmake_clean_cache' from command line to 'False'
[0.248s] Level 5:colcon.colcon_core.verb:set package 'ydlidar_ros2_driver' build argument 'cmake_clean_first' from command line to 'False'
[0.248s] Level 5:colcon.colcon_core.verb:set package 'ydlidar_ros2_driver' build argument 'cmake_force_configure' from command line to 'False'
[0.248s] Level 5:colcon.colcon_core.verb:set package 'ydlidar_ros2_driver' build argument 'ament_cmake_args' from command line to 'None'
[0.248s] Level 5:colcon.colcon_core.verb:set package 'ydlidar_ros2_driver' build argument 'catkin_cmake_args' from command line to 'None'
[0.248s] Level 5:colcon.colcon_core.verb:set package 'ydlidar_ros2_driver' build argument 'catkin_skip_building_tests' from command line to 'False'
[0.248s] DEBUG:colcon.colcon_core.verb:Building package 'ydlidar_ros2_driver' with the following arguments: {'ament_cmake_args': None, 'build_base': '/home/davinci/ydlidar/build/ydlidar_ros2_driver', 'catkin_cmake_args': None, 'catkin_skip_building_tests': False, 'cmake_args': None, 'cmake_clean_cache': False, 'cmake_clean_first': False, 'cmake_force_configure': False, 'cmake_target': None, 'cmake_target_skip_unavailable': False, 'install_base': '/home/davinci/ydlidar/install/ydlidar_ros2_driver', 'merge_install': False, 'path': '/home/davinci/ydlidar/src/ydlidar_ros2_driver', 'symlink_install': True, 'test_result_base': None}
[0.248s] INFO:colcon.colcon_core.executor:Executing jobs using 'parallel' executor
[0.249s] DEBUG:colcon.colcon_parallel_executor.executor.parallel:run_until_complete
[0.249s] INFO:colcon.colcon_ros.task.ament_cmake.build:Building ROS package in '/home/davinci/ydlidar/src/ydlidar_ros2_driver' with build type 'ament_cmake'
[0.249s] INFO:colcon.colcon_cmake.task.cmake.build:Building CMake package in '/home/davinci/ydlidar/src/ydlidar_ros2_driver'
[0.251s] INFO:colcon.colcon_core.plugin_system:Skipping extension 'colcon_core.shell.bat': Not used on non-Windows systems
[0.251s] INFO:colcon.colcon_core.shell:Skip shell extension 'powershell' for command environment: Not usable outside of PowerShell
[0.251s] DEBUG:colcon.colcon_core.shell:Skip shell extension 'dsv' for command environment
[0.264s] DEBUG:colcon.colcon_core.event_handler.log_command:Invoking command in '/home/davinci/ydlidar/build/ydlidar_ros2_driver': CMAKE_PREFIX_PATH=${CMAKE_PREFIX_PATH}:/home/davinci/turtlebot_ws/install/turtlebot3_teleop:/home/davinci/turtlebot_ws/install/turtlebot3_example:/home/davinci/ros3_ws/install/my_py_pkg:/opt/ros/jazzy DEBUGINFOD_URLS=https://debuginfod.ubuntu.com /usr/bin/cmake --build /home/davinci/ydlidar/build/ydlidar_ros2_driver -- -j8 -l8
[6.556s] DEBUG:colcon.colcon_core.event_handler.log_command:Invoked command in '/home/davinci/ydlidar/build/ydlidar_ros2_driver' returned '0': CMAKE_PREFIX_PATH=${CMAKE_PREFIX_PATH}:/home/davinci/turtlebot_ws/install/turtlebot3_teleop:/home/davinci/turtlebot_ws/install/turtlebot3_example:/home/davinci/ros3_ws/install/my_py_pkg:/opt/ros/jazzy DEBUGINFOD_URLS=https://debuginfod.ubuntu.com /usr/bin/cmake --build /home/davinci/ydlidar/build/ydlidar_ros2_driver -- -j8 -l8
[6.573s] DEBUG:colcon.colcon_core.event_handler.log_command:Invoking command in '/home/davinci/ydlidar/build/ydlidar_ros2_driver': CMAKE_PREFIX_PATH=${CMAKE_PREFIX_PATH}:/home/davinci/turtlebot_ws/install/turtlebot3_teleop:/home/davinci/turtlebot_ws/install/turtlebot3_example:/home/davinci/ros3_ws/install/my_py_pkg:/opt/ros/jazzy DEBUGINFOD_URLS=https://debuginfod.ubuntu.com /usr/bin/cmake --install /home/davinci/ydlidar/build/ydlidar_ros2_driver
[6.611s] Level 1:colcon.colcon_core.environment:create_environment_scripts_only(ydlidar_ros2_driver)
[6.612s] DEBUG:colcon.colcon_core.event_handler.log_command:Invoked command in '/home/davinci/ydlidar/build/ydlidar_ros2_driver' returned '0': CMAKE_PREFIX_PATH=${CMAKE_PREFIX_PATH}:/home/davinci/turtlebot_ws/install/turtlebot3_teleop:/home/davinci/turtlebot_ws/install/turtlebot3_example:/home/davinci/ros3_ws/install/my_py_pkg:/opt/ros/jazzy DEBUGINFOD_URLS=https://debuginfod.ubuntu.com /usr/bin/cmake --install /home/davinci/ydlidar/build/ydlidar_ros2_driver
[6.616s] Level 1:colcon.colcon_core.environment:checking '/home/davinci/ydlidar/install/ydlidar_ros2_driver' for CMake module files
[6.617s] Level 1:colcon.colcon_core.environment:checking '/home/davinci/ydlidar/install/ydlidar_ros2_driver' for CMake config files
[6.618s] Level 1:colcon.colcon_core.shell:create_environment_hook('ydlidar_ros2_driver', 'cmake_prefix_path')
[6.618s] INFO:colcon.colcon_core.shell:Creating environment hook '/home/davinci/ydlidar/install/ydlidar_ros2_driver/share/ydlidar_ros2_driver/hook/cmake_prefix_path.ps1'
[6.619s] INFO:colcon.colcon_core.shell:Creating environment descriptor '/home/davinci/ydlidar/install/ydlidar_ros2_driver/share/ydlidar_ros2_driver/hook/cmake_prefix_path.dsv'
[6.620s] INFO:colcon.colcon_core.shell:Creating environment hook '/home/davinci/ydlidar/install/ydlidar_ros2_driver/share/ydlidar_ros2_driver/hook/cmake_prefix_path.sh'
[6.621s] Level 1:colcon.colcon_core.environment:checking '/home/davinci/ydlidar/install/ydlidar_ros2_driver/lib'
[6.621s] Level 1:colcon.colcon_core.environment:checking '/home/davinci/ydlidar/install/ydlidar_ros2_driver/bin'
[6.622s] Level 1:colcon.colcon_core.environment:checking '/home/davinci/ydlidar/install/ydlidar_ros2_driver/lib/pkgconfig/ydlidar_ros2_driver.pc'
[6.622s] Level 1:colcon.colcon_core.environment:checking '/home/davinci/ydlidar/install/ydlidar_ros2_driver/lib/python3.12/site-packages'
[6.622s] Level 1:colcon.colcon_core.environment:checking '/home/davinci/ydlidar/install/ydlidar_ros2_driver/bin'
[6.623s] INFO:colcon.colcon_core.shell:Creating package script '/home/davinci/ydlidar/install/ydlidar_ros2_driver/share/ydlidar_ros2_driver/package.ps1'
[6.624s] INFO:colcon.colcon_core.shell:Creating package descriptor '/home/davinci/ydlidar/install/ydlidar_ros2_driver/share/ydlidar_ros2_driver/package.dsv'
[6.625s] INFO:colcon.colcon_core.shell:Creating package script '/home/davinci/ydlidar/install/ydlidar_ros2_driver/share/ydlidar_ros2_driver/package.sh'
[6.626s] INFO:colcon.colcon_core.shell:Creating package script '/home/davinci/ydlidar/install/ydlidar_ros2_driver/share/ydlidar_ros2_driver/package.bash'
[6.627s] INFO:colcon.colcon_core.shell:Creating package script '/home/davinci/ydlidar/install/ydlidar_ros2_driver/share/ydlidar_ros2_driver/package.zsh'
[6.628s] Level 1:colcon.colcon_core.environment:create_file_with_runtime_dependencies(/home/davinci/ydlidar/install/ydlidar_ros2_driver/share/colcon-core/packages/ydlidar_ros2_driver)
[6.628s] Level 1:colcon.colcon_core.environment:create_environment_scripts_only(ydlidar_ros2_driver)
[6.629s] Level 1:colcon.colcon_core.environment:checking '/home/davinci/ydlidar/install/ydlidar_ros2_driver' for CMake module files
[6.630s] Level 1:colcon.colcon_core.environment:checking '/home/davinci/ydlidar/install/ydlidar_ros2_driver' for CMake config files
[6.630s] Level 1:colcon.colcon_core.shell:create_environment_hook('ydlidar_ros2_driver', 'cmake_prefix_path')
[6.630s] INFO:colcon.colcon_core.shell:Creating environment hook '/home/davinci/ydlidar/install/ydlidar_ros2_driver/share/ydlidar_ros2_driver/hook/cmake_prefix_path.ps1'
[6.631s] INFO:colcon.colcon_core.shell:Creating environment descriptor '/home/davinci/ydlidar/install/ydlidar_ros2_driver/share/ydlidar_ros2_driver/hook/cmake_prefix_path.dsv'
[6.632s] INFO:colcon.colcon_core.shell:Creating environment hook '/home/davinci/ydlidar/install/ydlidar_ros2_driver/share/ydlidar_ros2_driver/hook/cmake_prefix_path.sh'
[6.633s] Level 1:colcon.colcon_core.environment:checking '/home/davinci/ydlidar/install/ydlidar_ros2_driver/lib'
[6.633s] Level 1:colcon.colcon_core.environment:checking '/home/davinci/ydlidar/install/ydlidar_ros2_driver/bin'
[6.633s] Level 1:colcon.colcon_core.environment:checking '/home/davinci/ydlidar/install/ydlidar_ros2_driver/lib/pkgconfig/ydlidar_ros2_driver.pc'
[6.633s] Level 1:colcon.colcon_core.environment:checking '/home/davinci/ydlidar/install/ydlidar_ros2_driver/lib/python3.12/site-packages'
[6.634s] Level 1:colcon.colcon_core.environment:checking '/home/davinci/ydlidar/install/ydlidar_ros2_driver/bin'
[6.634s] INFO:colcon.colcon_core.shell:Creating package script '/home/davinci/ydlidar/install/ydlidar_ros2_driver/share/ydlidar_ros2_driver/package.ps1'
[6.635s] INFO:colcon.colcon_core.shell:Creating package descriptor '/home/davinci/ydlidar/install/ydlidar_ros2_driver/share/ydlidar_ros2_driver/package.dsv'
[6.635s] INFO:colcon.colcon_core.shell:Creating package script '/home/davinci/ydlidar/install/ydlidar_ros2_driver/share/ydlidar_ros2_driver/package.sh'
[6.636s] INFO:colcon.colcon_core.shell:Creating package script '/home/davinci/ydlidar/install/ydlidar_ros2_driver/share/ydlidar_ros2_driver/package.bash'
[6.637s] INFO:colcon.colcon_core.shell:Creating package script '/home/davinci/ydlidar/install/ydlidar_ros2_driver/share/ydlidar_ros2_driver/package.zsh'
[6.637s] Level 1:colcon.colcon_core.environment:create_file_with_runtime_dependencies(/home/davinci/ydlidar/install/ydlidar_ros2_driver/share/colcon-core/packages/ydlidar_ros2_driver)
[6.638s] DEBUG:colcon.colcon_parallel_executor.executor.parallel:closing loop
[6.638s] DEBUG:colcon.colcon_parallel_executor.executor.parallel:loop closed
[6.638s] DEBUG:colcon.colcon_parallel_executor.executor.parallel:run_until_complete finished with '0'
[6.638s] DEBUG:colcon.colcon_core.event_reactor:joining thread
[6.649s] INFO:colcon.colcon_core.plugin_system:Skipping extension 'colcon_notification.desktop_notification.terminal_notifier': Not used on non-Darwin systems
[6.649s] INFO:colcon.colcon_core.plugin_system:Skipping extension 'colcon_notification.desktop_notification.win32': Not used on non-Windows systems
[6.649s] INFO:colcon.colcon_notification.desktop_notification:Sending desktop notification using 'notify2'
[6.675s] DEBUG:colcon.colcon_core.event_reactor:joined thread
[6.675s] INFO:colcon.colcon_core.shell:Creating prefix script '/home/davinci/ydlidar/install/local_setup.ps1'
[6.677s] INFO:colcon.colcon_core.shell:Creating prefix util module '/home/davinci/ydlidar/install/_local_setup_util_ps1.py'
[6.679s] INFO:colcon.colcon_core.shell:Creating prefix chain script '/home/davinci/ydlidar/install/setup.ps1'
[6.682s] INFO:colcon.colcon_core.shell:Creating prefix script '/home/davinci/ydlidar/install/local_setup.sh'
[6.683s] INFO:colcon.colcon_core.shell:Creating prefix util module '/home/davinci/ydlidar/install/_local_setup_util_sh.py'
[6.684s] INFO:colcon.colcon_core.shell:Creating prefix chain script '/home/davinci/ydlidar/install/setup.sh'
[6.687s] INFO:colcon.colcon_core.shell:Creating prefix script '/home/davinci/ydlidar/install/local_setup.bash'
[6.688s] INFO:colcon.colcon_core.shell:Creating prefix chain script '/home/davinci/ydlidar/install/setup.bash'
[6.691s] INFO:colcon.colcon_core.shell:Creating prefix script '/home/davinci/ydlidar/install/local_setup.zsh'
[6.692s] INFO:colcon.colcon_core.shell:Creating prefix chain script '/home/davinci/ydlidar/install/setup.zsh'
